[0mGET / [32m200[0m 7.509 ms - 3266[0m
[0mGET / [32m200[0m 5.737 ms - 3266[0m
[0mGET / [32m200[0m 5.623 ms - 3266[0m
[0mGET / [32m200[0m 5.422 ms - 3266[0m
[0mGET / [32m200[0m 5.751 ms - 3266[0m
[0mGET / [32m200[0m 6.346 ms - 3266[0m
[0mGET / [32m200[0m 5.082 ms - 3266[0m
[0mGET /.env [33m404[0m 1.669 ms - 143[0m
[0mPOST / [33m404[0m 0.612 ms - 140[0m
[0mGET / [32m200[0m 5.193 ms - 3266[0m
[0mGET / [32m200[0m 4.904 ms - 3266[0m
[0mGET / [32m200[0m 8.639 ms - 3266[0m
[0mGET / [32m200[0m 5.148 ms - 3266[0m
[0mGET / [32m200[0m 4.927 ms - 3266[0m
[0mGET / [32m200[0m 6.114 ms - 3266[0m
[0mGET / [32m200[0m 7.130 ms - 3266[0m
[0mGET /favicon.ico [33m404[0m 18.211 ms - 150[0m
[0mGET / [32m200[0m 5.731 ms - 3266[0m
[0mGET /favicon.ico [33m404[0m 1.626 ms - 150[0m
[0mGET /users/sign-up [32m200[0m 6.275 ms - 2442[0m
[0mGET /users/css/layout.css [33m404[0m 1.948 ms - 159[0m
[0mGET /users/css/header.css [33m404[0m 1.235 ms - 159[0m
[0mGET /users/css/footer.css [33m404[0m 1.362 ms - 159[0m
[0mPOST /users/create [36m302[0m 7.627 ms - 110[0m
[0mGET /users/sign-up [36m304[0m 4.619 ms - -[0m
[0mGET /users/css/header.css [33m404[0m 4.391 ms - 159[0m
[0mGET /users/css/footer.css [33m404[0m 36.440 ms - 159[0m
[0mGET /users/css/layout.css [33m404[0m 27.851 ms - 159[0m
[0mPOST /users/create [36m302[0m 2.739 ms - 110[0m
[0mGET /users/sign-up [36m304[0m 3.370 ms - -[0m
[0mGET /users/css/header.css [33m404[0m 1.600 ms - 159[0m
[0mGET /users/css/footer.css [33m404[0m 1.523 ms - 159[0m
[0mGET /users/css/layout.css [33m404[0m 1.340 ms - 159[0m
[0mGET /users/sign-in [32m200[0m 6.059 ms - 2286[0m
[0mGET /users/css/header.css [33m404[0m 3.197 ms - 159[0m
[0mGET /users/css/footer.css [33m404[0m 3.252 ms - 159[0m
[0mGET /users/css/layout.css [33m404[0m 1.606 ms - 159[0m
[0mPOST /users/create-session [36m302[0m 4.330 ms - 46[0m
[0mGET / [32m200[0m 8.095 ms - 4514[0m
[0mPOST /posts/create [32m200[0m 47.644 ms - 264[0m
[0mGET /users/sign-out [36m302[0m 3.713 ms - 46[0m
[0mGET / [32m200[0m 27.376 ms - 4371[0m
[0mGET /favicon.ico [33m404[0m 2.055 ms - 150[0m
[0mGET / [32m200[0m 10.484 ms - 3997[0m
[0mGET /favicon.ico [33m404[0m 2.515 ms - 150[0m
[0mGET /users/sign-in [32m200[0m 3.931 ms - 2286[0m
[0mGET /users/css/layout.css [33m404[0m 1.407 ms - 159[0m
[0mGET /users/css/header.css [33m404[0m 1.161 ms - 159[0m
[0mGET /users/css/footer.css [33m404[0m 1.843 ms - 159[0m
[0mPOST /users/create-session [36m302[0m 3.173 ms - 46[0m
[0mGET / [32m200[0m 13.668 ms - 6075[0m
[0mPOST /comments/create [32m200[0m 24.986 ms - 307[0m
[0mPOST /posts/create [32m200[0m 6.216 ms - 270[0m
[0mGET /users/sign-out [36m302[0m 2.698 ms - 46[0m
[0mGET / [32m200[0m 18.658 ms - 5620[0m
[0mGET /users/sign-up [32m200[0m 3.571 ms - 2794[0m
[0mGET /users/css/header.css [33m404[0m 2.305 ms - 159[0m
[0mGET /users/css/layout.css [33m404[0m 1.612 ms - 159[0m
[0mGET /users/css/footer.css [33m404[0m 1.669 ms - 159[0m
[0mPOST /users/create [36m302[0m 4.937 ms - 72[0m
[0mGET /users/sign-in [32m200[0m 4.523 ms - 2652[0m
[0mGET /users/css/footer.css [33m404[0m 1.576 ms - 159[0m
[0mGET /users/css/header.css [33m404[0m 1.269 ms - 159[0m
[0mGET /users/css/layout.css [33m404[0m 1.220 ms - 159[0m
[0mPOST /users/create-session [36m302[0m 4.137 ms - 46[0m
[0mGET / [32m200[0m 16.784 ms - 8150[0m
[0mGET /users/profile/5f985b0b677f463fa0991104 [32m200[0m 10.411 ms - 3135[0m
[0mGET /users/profile/css/footer.css [33m404[0m 3.547 ms - 167[0m
[0mGET /users/profile/css/header.css [33m404[0m 6.559 ms - 167[0m
[0mGET /users/profile/js/friend_button.js [33m404[0m 7.959 ms - 172[0m
[0mGET /users/profile/css/layout.css [33m404[0m 7.287 ms - 167[0m
[0mGET /friends/togglefriend/?sender=5f9905b575b909417282893d&receiver=5f985b0b677f463fa0991104 [33m404[0m 3.421 ms - 160[0m
[0mGET /users/profile/5f9905b575b909417282893d [32m200[0m 6.262 ms - 3070[0m
[0mGET /users/profile/js/friend_button.js [33m404[0m 2.691 ms - 172[0m
[0mGET /users/profile/css/footer.css [33m404[0m 6.547 ms - 167[0m
[0mGET /users/profile/css/layout.css [33m404[0m 7.339 ms - 167[0m
[0mGET /users/profile/css/header.css [33m404[0m 5.596 ms - 167[0m
[0mPOST /users/update/5f9905b575b909417282893d [36m302[0m 37.636 ms - 160[0m
[0mGET /users/profile/5f9905b575b909417282893d [32m200[0m 6.347 ms - 3113[0m
[0mGET /users/profile/css/layout.css [33m404[0m 7.279 ms - 167[0m
[0mGET /users/profile/css/header.css [33m404[0m 6.486 ms - 167[0m
[0mGET /users/profile/css/footer.css [33m404[0m 10.828 ms - 167[0m
[0mGET /users/profile/js/friend_button.js [33m404[0m 2.816 ms - 172[0m
[0mGET /users/profile/5f9905b575b909417282893d [36m304[0m 7.087 ms - -[0m
[0mGET /users/profile/css/header.css [33m404[0m 2.784 ms - 167[0m
[0mGET /users/profile/css/layout.css [33m404[0m 5.072 ms - 167[0m
[0mGET /users/profile/css/footer.css [33m404[0m 5.042 ms - 167[0m
[0mGET /users/profile/js/friend_button.js [33m404[0m 2.614 ms - 172[0m
[0mGET /users/profile/5f9905b575b909417282893d [36m304[0m 6.123 ms - -[0m
[0mGET /users/profile/css/header.css [33m404[0m 2.844 ms - 167[0m
[0mGET /users/profile/css/layout.css [33m404[0m 5.886 ms - 167[0m
[0mGET /users/profile/css/footer.css [33m404[0m 6.798 ms - 167[0m
[0mGET /users/profile/js/friend_button.js [33m404[0m 3.400 ms - 172[0m
[0mGET / [32m200[0m 14.783 ms - 7772[0m
[0mGET / [32m200[0m 10.231 ms - 5364[0m
[0mGET / [32m200[0m 12.213 ms - 5364[0m
[0mGET / [32m200[0m 14.114 ms - 5364[0m
[0mGET /users/sign-in [32m200[0m 5.148 ms - 2638[0m
[0mGET /users/css/header.css [33m404[0m 1.674 ms - 159[0m
[0mGET /users/css/layout.css [33m404[0m 3.384 ms - 159[0m
[0mGET /users/css/footer.css [33m404[0m 3.447 ms - 159[0m
[0mGET /users/css/layout.css [33m404[0m 2.132 ms - 159[0m
[0mGET /users/css/header.css [33m404[0m 3.631 ms - 159[0m
[0mGET /users/css/footer.css [33m404[0m 3.600 ms - 159[0m
[0mGET /users/css/footer.css [33m404[0m 2.747 ms - 159[0m
[0mGET /users/css/footer.css [33m404[0m 1.701 ms - 159[0m
[0mGET /public/assets/css/footer.css [33m404[0m 1.544 ms - 167[0m
[0mGET /assets/css/footer.css [33m404[0m 2.056 ms - 160[0m
